⚠️  Stub: apple-framework/playgrounds.md (1 lines)
⚠️  Stub: apple-framework/learning-path.md (1 lines)
⚠️  Stub: swift/collections.md (1 lines)
⚠️  Stub: swift/functions.md (1 lines)
⚠️  Stub: swift/structures.md (1 lines)
⚠️  Stub: swift/protocols.md (1 lines)
⚠️  Stub: performance/memory-optimization.md (1 lines)
⚠️  Stub: performance/battery-optimization.md (1 lines)
⚠️  Stub: performance/network-optimization.md (1 lines)
⚠️  Stub: ai/coreml-8.md (1 lines)
⚠️  Stub: ai/on-device.md (1 lines)
⚠️  Stub: ai/siri-intents.md (1 lines)
⚠️  Stub: frameworks/cloudkit.md (3 lines)
⚠️  Stub: frameworks/coreml.md (1 lines)
⚠️  Stub: frameworks/swiftcharts.md (3 lines)
⚠️  Stub: monetization/subscription-retention.md (1 lines)
⚠️  Stub: monetization/ab-testing.md (1 lines)
⚠️  Stub: monetization/revenue-analytics.md (1 lines)
⚠️  Stub: scale/data-architecture.md (1 lines)
⚠️  Stub: scale/caching-strategies.md (1 lines)
⚠️  Stub: scale/background-processing.md (1 lines)
⚠️  Stub: scale/api-design.md (1 lines)
⚠️  Stub: swift6/concurrency.md (1 lines)
⚠️  Stub: swift6/typed-throws.md (1 lines)
⚠️  Stub: swift6/noncopyable.md (1 lines)
⚠️  Stub: swift/concurrency-patterns.md (1 lines)
⚠️  Stub: swift/swiftui-performance.md (1 lines)
⚠️  Stub: swift/error-handling.md (1 lines)
⚠️  Stub: swift/testing-strategies.md (1 lines)
⚠️  Stub: ios-dev/first-app.md (1 lines)
⚠️  Stub: ios-dev/navigation.md (1 lines)
⚠️  Stub: ios-dev/data.md (1 lines)
⚠️  Stub: ios-dev/networking.md (1 lines)
⚠️  Stub: platforms/watchos.md (3 lines)
⚠️  Stub: app-store/aso-optimization.md (1 lines)
⚠️  Stub: app-store/feature-strategy.md (1 lines)
⚠️  Stub: app-store/review-management.md (1 lines)
⚠️  Stub: app-store/launch-strategy.md (1 lines)
⚠️  Stub: app-store/guidelines.md (1 lines)
⚠️  Stub: app-store/review.md (1 lines)
⚠️  Stub: app-store/storekit.md (1 lines)
⚠️  Stub: app-store/testflight.md (1 lines)
⚠️  Stub: workflow/xcode.md (1 lines)
⚠️  Stub: workflow/swift-testing.md (1 lines)
⚠️  Stub: workflow/debugging.md (1 lines)
⚠️  Stub: workflow/performance.md (1 lines)
⚠️  Stub: workflow/xcode-cloud.md (1 lines)
⚠️  Stub: accessibility/guidelines.md (1 lines)
⚠️  Stub: accessibility/voiceover.md (1 lines)
⚠️  Stub: accessibility/dynamic-type.md (1 lines)
⚠️  Stub: accessibility/color-contrast.md (1 lines)
⚠️  Stub: projects/photo-editor.md (1 lines)
⚠️  Stub: projects/news-app.md (1 lines)
⚠️  Stub: projects/social-app.md (1 lines)
⚠️  Stub: projects/productivity-app.md (1 lines)
⚠️  Stub: projects/scrumdinger.md (1 lines)
⚠️  Stub: projects/landmarks.md (1 lines)
⚠️  Stub: projects/earthquake.md (1 lines)
⚠️  Stub: projects/ml-classifier.md (1 lines)
⚠️  Stub: advanced/security.md (1 lines)
⚠️  Stub: advanced/accessibility.md (1 lines)
⚠️  Stub: advanced/internationalization.md (1 lines)
⚠️  Stub: advanced/analytics.md (1 lines)
⚠️  Stub: advanced/spm.md (1 lines)
⚠️  Stub: advanced/frameworks.md (1 lines)
⚠️  Stub: advanced/profiling.md (1 lines)
⚠️  Stub: videos/apple-intelligence.md (1 lines)
⚠️  Stub: videos/swiftui-performance.md (1 lines)
⚠️  Stub: videos/concurrency.md (1 lines)
⚠️  Stub: videos/cross-platform.md (1 lines)
⚠️  Stub: resources/apple-resources.md (1 lines)
⚠️  Stub: resources/wwdc.md (1 lines)
⚠️  Stub: resources/community.md (3 lines)
⚠️  Stub: resources/certification.md (1 lines)
⚠️  Stub: auto-generated/README.md (1 lines)
✅ All content files present
